<?xml version="1.0" encoding="UTF-8"?>
<!-- Generated by org.testng.reporters.JUnitReportReporter -->
<testsuite skipped="0" hostname="DESKTOP-BB2GFQJ" name="NewTest" tests="1" failures="0" timestamp="07 Dec 2018 14:14:39 GMT" time="9.668" errors="0">
  <testcase name="f" time="9.668" classname="NewTest"/>
</testsuite> <!-- NewTest -->
